<?xml version="1.0" encoding="UTF-8"?>
<!-- Generated by org.testng.reporters.JUnitXMLReporter -->
<testsuite hostname="Denys-PC" tests="11" failures="0" timestamp="18 Dec 2016 19:49:16 GMT" time="57.26" errors="0">
  <testcase name="accountListsClick" time="16.509" classname="MainTestSignInTest"/>
  <testcase name="logIn" time="7.916" classname="MainTestSignInTest"/>
  <testcase name="assertLogIn" time="0.425" classname="MainTestSignInTest"/>
  <testcase name="chooseFirstItemTest" time="4.793" classname="MainTestSignInTest"/>
  <testcase name="addToCartFirstItemTest" time="9.423" classname="MainTestSignInTest"/>
  <testcase name="chooseSecondItemTest" time="4.043" classname="MainTestSignInTest"/>
  <testcase name="addToCartSecondItemTest" time="12.761" classname="MainTestSignInTest"/>
  <testcase name="checkCartTest" time="0.341" classname="MainTestSignInTest"/>
  <testcase name="asFirstElementPresentsTest" time="0.23" classname="MainTestSignInTest"/>
  <testcase name="asSecondElementPresentTest" time="0.616" classname="MainTestSignInTest"/>
  <testcase name="amountCheckTest" time="0.13" classname="MainTestSignInTest"/>
</testsuite>
