<?xml version="1.0" encoding="UTF-8"?>
<testng-results skipped="0" failed="0" total="11" passed="11">
  <reporter-output>
  </reporter-output>
  <suite name="TestAll" duration-ms="57260" started-at="2016-12-18T19:48:18Z" finished-at="2016-12-18T19:49:16Z">
    <groups>
    </groups>
    <test name="cartItemCheck" duration-ms="57260" started-at="2016-12-18T19:48:18Z" finished-at="2016-12-18T19:49:16Z">
      <class name="MainTestSignInTest">
        <test-method status="PASS" signature="setUp()[pri:0, instance:MainTestSignInTest@735f7ae5]" name="setUp" is-config="true" duration-ms="8102" started-at="2016-12-18T21:48:10Z" finished-at="2016-12-18T21:48:18Z">
          <reporter-output>
          </reporter-output>
        </test-method> <!-- setUp -->
        <test-method status="PASS" signature="accountListsClick()[pri:0, instance:MainTestSignInTest@735f7ae5]" name="accountListsClick" duration-ms="16509" started-at="2016-12-18T21:48:18Z" finished-at="2016-12-18T21:48:35Z">
          <reporter-output>
          </reporter-output>
        </test-method> <!-- accountListsClick -->
        <test-method status="PASS" signature="logIn()[pri:0, instance:MainTestSignInTest@735f7ae5]" name="logIn" duration-ms="7916" started-at="2016-12-18T21:48:35Z" depends-on-methods="MainTestSignInTest.accountListsClick" finished-at="2016-12-18T21:48:43Z">
          <reporter-output>
          </reporter-output>
        </test-method> <!-- logIn -->
        <test-method status="PASS" signature="assertLogIn()[pri:0, instance:MainTestSignInTest@735f7ae5]" name="assertLogIn" duration-ms="425" started-at="2016-12-18T21:48:43Z" depends-on-methods="MainTestSignInTest.logIn" finished-at="2016-12-18T21:48:43Z">
          <reporter-output>
          </reporter-output>
        </test-method> <!-- assertLogIn -->
        <test-method status="PASS" signature="chooseFirstItemTest()[pri:0, instance:MainTestSignInTest@735f7ae5]" name="chooseFirstItemTest" duration-ms="4793" started-at="2016-12-18T21:48:43Z" depends-on-methods="MainTestSignInTest.assertLogIn" finished-at="2016-12-18T21:48:48Z">
          <reporter-output>
          </reporter-output>
        </test-method> <!-- chooseFirstItemTest -->
        <test-method status="PASS" signature="addToCartFirstItemTest()[pri:0, instance:MainTestSignInTest@735f7ae5]" name="addToCartFirstItemTest" duration-ms="9423" started-at="2016-12-18T21:48:48Z" depends-on-methods="MainTestSignInTest.chooseFirstItemTest" finished-at="2016-12-18T21:48:58Z">
          <reporter-output>
          </reporter-output>
        </test-method> <!-- addToCartFirstItemTest -->
        <test-method status="PASS" signature="chooseSecondItemTest()[pri:0, instance:MainTestSignInTest@735f7ae5]" name="chooseSecondItemTest" duration-ms="4043" started-at="2016-12-18T21:48:58Z" depends-on-methods="MainTestSignInTest.addToCartFirstItemTest" finished-at="2016-12-18T21:49:02Z">
          <reporter-output>
          </reporter-output>
        </test-method> <!-- chooseSecondItemTest -->
        <test-method status="PASS" signature="addToCartSecondItemTest()[pri:0, instance:MainTestSignInTest@735f7ae5]" name="addToCartSecondItemTest" duration-ms="12761" started-at="2016-12-18T21:49:02Z" depends-on-methods="MainTestSignInTest.chooseSecondItemTest" finished-at="2016-12-18T21:49:14Z">
          <reporter-output>
          </reporter-output>
        </test-method> <!-- addToCartSecondItemTest -->
        <test-method status="PASS" signature="checkCartTest()[pri:0, instance:MainTestSignInTest@735f7ae5]" name="checkCartTest" duration-ms="341" started-at="2016-12-18T21:49:14Z" depends-on-methods="MainTestSignInTest.addToCartSecondItemTest" finished-at="2016-12-18T21:49:15Z">
          <reporter-output>
          </reporter-output>
        </test-method> <!-- checkCartTest -->
        <test-method status="PASS" signature="asFirstElementPresentsTest()[pri:0, instance:MainTestSignInTest@735f7ae5]" name="asFirstElementPresentsTest" duration-ms="230" started-at="2016-12-18T21:49:15Z" depends-on-methods="MainTestSignInTest.checkCartTest" finished-at="2016-12-18T21:49:15Z">
          <reporter-output>
          </reporter-output>
        </test-method> <!-- asFirstElementPresentsTest -->
        <test-method status="PASS" signature="asSecondElementPresentTest()[pri:0, instance:MainTestSignInTest@735f7ae5]" name="asSecondElementPresentTest" duration-ms="616" started-at="2016-12-18T21:49:15Z" depends-on-methods="MainTestSignInTest.asFirstElementPresentsTest" finished-at="2016-12-18T21:49:16Z">
          <reporter-output>
          </reporter-output>
        </test-method> <!-- asSecondElementPresentTest -->
        <test-method status="PASS" signature="amountCheckTest()[pri:0, instance:MainTestSignInTest@735f7ae5]" name="amountCheckTest" duration-ms="130" started-at="2016-12-18T21:49:16Z" depends-on-methods="MainTestSignInTest.asSecondElementPresentTest" finished-at="2016-12-18T21:49:16Z">
          <reporter-output>
          </reporter-output>
        </test-method> <!-- amountCheckTest -->
        <test-method status="PASS" signature="tearDown()[pri:0, instance:MainTestSignInTest@735f7ae5]" name="tearDown" is-config="true" duration-ms="1422" started-at="2016-12-18T21:49:16Z" finished-at="2016-12-18T21:49:17Z">
          <reporter-output>
          </reporter-output>
        </test-method> <!-- tearDown -->
      </class> <!-- MainTestSignInTest -->
    </test> <!-- cartItemCheck -->
  </suite> <!-- TestAll -->
</testng-results>
