<?xml version="1.0" encoding="UTF-8"?>
<testsuite xmlns:xsi="http://www.w3.org/2001/XMLSchema-instance" xsi:schemaLocation="https://maven.apache.org/surefire/maven-surefire-plugin/xsd/surefire-test-report.xsd" name="Scenario: Login with invalid credentials" time="116.659" tests="11" errors="0" skipped="0" failures="0">
  <properties>
[...]
</properties>
  <testcase name="Given Open chrome and get store site" classname="Scenario: Login with valid credentials and order 2 existing goods" time="0.002"/>
  <testcase name="When I click link &quot;Account&amp;Lists&quot; ,I fill &quot;email&quot; with valid data and &quot;password&quot;  with valid data and click &quot;logIn&quot; button" classname="Scenario: Login with valid credentials and order 2 existing goods" time="0"/>
  <testcase name="And Login should be successful, I have &quot;Home page&quot; and greetings &quot;Hello, Denys&quot;." classname="Scenario: Login with valid credentials and order 2 existing goods" time="0.001"/>
  <testcase name="And Type first item choose from list and add it to cart" classname="Scenario: Login with valid credentials and order 2 existing goods" time="0"/>
  <testcase name="And Type second item choose from list and add it to cart" classname="Scenario: Login with valid credentials and order 2 existing goods" time="0.001"/>
  <testcase name="Then In cart should be 2 new items &quot;Apple iPhone 7 Plus&quot; and &quot;Samsung Galaxy S7&quot;" classname="Scenario: Login with valid credentials and order 2 existing goods" time="0"/>
  <testcase name="Scenario: Login with valid credentials and order 2 existing goods" classname="Scenario: Login with valid credentials and order 2 existing goods" time="2.501"/>
  <testcase name="Given Open chrome and get store site" classname="Scenario: Login with invalid credentials" time="0"/>
  <testcase name="When I click link &quot;Account&amp;Lists&quot; ,I fill &quot;email&quot; with invalid data and &quot;password&quot;  with invalid data and click &quot;logIn&quot; button" classname="Scenario: Login with invalid credentials" time="0"/>
  <testcase name="Then Should be warning massage, something like &quot;You entered invalid login or password&quot;" classname="Scenario: Login with invalid credentials" time="0"/>
  <testcase name="Scenario: Login with invalid credentials" classname="Scenario: Login with invalid credentials" time="2.461"/>
</testsuite>